<?xml version="1.0" encoding="UTF-8"?>
<testng-results skipped="0" failed="0" total="1" passed="1">
  <reporter-output>
  </reporter-output>
  <suite name="Suite" duration-ms="4106" started-at="2016-09-08T08:41:22Z" finished-at="2016-09-08T08:41:26Z">
    <groups>
    </groups>
    <test name="Test" duration-ms="4106" started-at="2016-09-08T08:41:22Z" finished-at="2016-09-08T08:41:26Z">
      <class name="test.NewTest">
        <test-method status="PASS" signature="checkIETest()[pri:0, instance:test.NewTest@573f2bb1]" name="checkIETest" duration-ms="4086" started-at="2016-09-08T14:11:22Z" finished-at="2016-09-08T14:11:26Z">
          <reporter-output>
          </reporter-output>
        </test-method> <!-- checkIETest -->
      </class> <!-- test.NewTest -->
    </test> <!-- Test -->
  </suite> <!-- Suite -->
</testng-results>
